[0.123s] Invoking command in '/home/user/ros2_ws/src/merge_arrays/build/merge_arrays': /usr/bin/cmake /home/user/ros2_ws/src/merge_arrays -DCMAKE_INSTALL_PREFIX=/home/user/ros2_ws/src/merge_arrays/install/merge_arrays
[1.102s] -- The C compiler identification is GNU 11.4.0
[1.603s] -- The CXX compiler identification is GNU 11.4.0
[1.667s] -- Detecting C compiler ABI info
[1.972s] -- Detecting C compiler ABI info - done
[1.984s] -- Check for working C compiler: /usr/bin/cc - skipped
[1.986s] -- Detecting C compile features
[1.988s] -- Detecting C compile features - done
[1.997s] -- Detecting CXX compiler ABI info
[2.122s] -- Detecting CXX compiler ABI info - done
[2.135s] -- Check for working CXX compiler: /usr/bin/c++ - skipped
[2.136s] -- Detecting CXX compile features
[2.136s] -- Detecting CXX compile features - done
[2.184s] -- Found ament_cmake: 1.3.5 (/opt/ros/humble/share/ament_cmake/cmake)
[2.436s] -- Found Python3: /usr/bin/python3.10 (found version "3.10.12") found components: Interpreter 
[2.654s] -- Found rclpy: 3.3.10 (/opt/ros/humble/share/rclpy/cmake)
[2.665s] -- Found std_msgs: 4.2.3 (/opt/ros/humble/share/std_msgs/cmake)
[2.801s] -- Found rosidl_generator_c: 3.1.5 (/opt/ros/humble/share/rosidl_generator_c/cmake)
[2.819s] -- Found rosidl_adapter: 3.1.5 (/opt/ros/humble/share/rosidl_adapter/cmake)
[2.847s] -- Found rosidl_generator_cpp: 3.1.5 (/opt/ros/humble/share/rosidl_generator_cpp/cmake)
[2.912s] -- Using all available rosidl_typesupport_c: rosidl_typesupport_fastrtps_c;rosidl_typesupport_introspection_c
[2.986s] -- Using all available rosidl_typesupport_cpp: rosidl_typesupport_fastrtps_cpp;rosidl_typesupport_introspection_cpp
[3.213s] Error parsing '/home/user/ros2_ws/src/merge_arrays/package.xml':
[3.378s] Traceback (most recent call last):
[3.379s]   File "/opt/ros/humble/share/ament_cmake_core/cmake/core/package_xml_2_cmake.py", line 150, in <module>
[3.379s]     main()
[3.379s]   File "/opt/ros/humble/share/ament_cmake_core/cmake/core/package_xml_2_cmake.py", line 53, in main
[3.379s]     raise e
[3.379s]   File "/opt/ros/humble/share/ament_cmake_core/cmake/core/package_xml_2_cmake.py", line 49, in main
[3.379s]     package = parse_package_string(
[3.380s]   File "/usr/lib/python3/dist-packages/catkin_pkg/package.py", line 786, in parse_package_string
[3.380s]     raise InvalidPackage('Error(s):%s' % (''.join(['\n- %s' % e for e in errors])), filename)
[3.380s] catkin_pkg.package.InvalidPackage: Error(s) in package '/home/user/ros2_ws/src/merge_arrays/package.xml':
[3.380s] Error(s):
[3.380s] - The manifest of package "merge_arrays" (with format version 3) must not contain the following tags: run_depend
[3.381s] - Please replace <run_depend> tags with <exec_depend> tags.
[3.407s] [31mCMake Error at /opt/ros/humble/share/ament_cmake_core/cmake/core/ament_package_xml.cmake:95 (message):
[3.408s]   execute_process(/usr/bin/python3.10
[3.408s]   /opt/ros/humble/share/ament_cmake_core/cmake/core/package_xml_2_cmake.py
[3.408s]   /home/user/ros2_ws/src/merge_arrays/package.xml
[3.408s]   /home/user/ros2_ws/src/merge_arrays/build/merge_arrays/ament_cmake_core/package.cmake)
[3.408s]   returned error code 1
[3.408s] Call Stack (most recent call first):
[3.409s]   /opt/ros/humble/share/ament_cmake_core/cmake/core/ament_package_xml.cmake:49 (_ament_package_xml)
[3.409s]   /opt/ros/humble/share/ament_cmake_core/cmake/core/ament_package.cmake:63 (ament_package_xml)
[3.409s]   CMakeLists.txt:22 (ament_package)
[3.409s] 
[3.409s] [0m
[3.409s] -- Configuring incomplete, errors occurred!
[3.410s] See also "/home/user/ros2_ws/src/merge_arrays/build/merge_arrays/CMakeFiles/CMakeOutput.log".
[3.426s] Invoked command in '/home/user/ros2_ws/src/merge_arrays/build/merge_arrays' returned '1': /usr/bin/cmake /home/user/ros2_ws/src/merge_arrays -DCMAKE_INSTALL_PREFIX=/home/user/ros2_ws/src/merge_arrays/install/merge_arrays
